<?xml version="1.0" encoding="UTF-8"?>
<testsuite xmlns:xsi="http://www.w3.org/2001/XMLSchema-instance" xsi:noNamespaceSchemaLocation="https://maven.apache.org/surefire/maven-surefire-plugin/xsd/surefire-test-report.xsd" name="osGuri.CalculadorTest" time="0.231" tests="2" errors="0" skipped="0" failures="1">
  <properties>
[...]
</properties>
  <testcase name="calculaNumeroDestino" classname="osGuri.CalculadorTest" time="0.229">
    <failure message="expected: &lt;0&gt; but was: &lt;1&gt;" type="org.opentest4j.AssertionFailedError"><![CDATA[org.opentest4j.AssertionFailedError: expected: <0> but was: <1>
	at osGuri.CalculadorTest.calculaNumeroDestino(CalculadorTest.java:38)
]]></failure>
  </testcase>
  <testcase name="testaCalculaNumeroDaVida" classname="osGuri.CalculadorTest" time="0.001"/>
</testsuite>